
=================================================================
  Repository Intelligence Platform — Full Pipeline
  Repository: /Users/atharvsinha/Downloads/ai-doc-system
  Output:     /Users/atharvsinha/Downloads/ai-doc-system/outputs
=================================================================

[PIPELINE] Step 1: Building Semantic IR…


============================================================
  IR Builder — Full Pipeline
  Repository: /Users/atharvsinha/Downloads/ai-doc-system
============================================================

[kg-load] No KG JSON found
[kg-build] Found dependency XML: /Users/atharvsinha/Downloads/ai-doc-system/backend/outputs/graph_dependencies.xml
[loader] Loading /Users/atharvsinha/Downloads/ai-doc-system/backend/outputs/graph_dependencies.xml  (5.8 MB)
[loader] Expected: 7553 nodes, 12606 edges
[loader] Loaded 7553 nodes
[loader] Loaded 12606 edges  (skipped 0 dangling)
[loader] Total: 7553 nodes, 12606 edges  (0.16s)

============================================================
  Knowledge Graph Builder: backend
  Input: 7553 nodes, 12606 edges
============================================================

[Phase 1/7] Detecting service boundaries…
[business] Detected 16 service clusters
  → 16 clusters, 144 nodes owned  (0.00s)
[Phase 2/7] Extracting business flows…
[business] Extracted 1 business flows
  → 1 flows  (0.00s)
[Phase 3/7] Running community detection…
  → 878 communities  (0.07s)
[Phase 4/7] Computing complexity scores…
  → Scored 7553 nodes  (0.01s)
[Phase 5/7] Applying semantic tags…
  → Tagged 1490 nodes  (0.09s)
[Phase 6/7] Creating virtual business nodes…
  → 163 virtual entities  (0.00s)
[Phase 7/7] Building lineage chains…
[lineage] API lineage: 0 chains
[lineage] SQL lineage: 3 chains
[lineage] Data flow lineage: 0 chains
[lineage] Import lineage: 100 files, avg depth 9.6
[lineage] Added 2 FEEDS_DATA_TO edges
  → 3 chains, 2 edges  (0.00s)

============================================================
  Enrichment complete in 0.17s
  Final: 7570 nodes, 12754 edges
  Flows: 1
  Clusters: 16
  Lineage chains: 3
============================================================

[kg-build] Built KG: 7570 nodes, 12754 edges
[strategy] Using KG built from AST pipeline

============================================================
  KG → IR Translator
  Input: 7570 nodes, 12754 edges
============================================================

[1/8] Extracting components…
  → 19 components
[2/8] Extracting relationships…
  → 224 relationships
[3/8] Extracting workflows…
  → 0 workflows
[4/8] Extracting API endpoints…
  → 0 API endpoints
[5/8] Extracting data stores…
  → 0 data stores
[6/8] Extracting request flows…
  → 3 request flows
[7/8] Extracting error paths…
  → 0 error paths
[8/8] Building metadata…
  → Languages: ['python']
  → Architecture: Modular Monolith

============================================================
  Translation Complete
  Components: 19
  Relationships: 224
  Workflows: 0
  API Endpoints: 0
  Data Stores: 0
  Request Flows: 3
  Error Paths: 0
============================================================


[IR Builder] Final IR:
  Components:    19
  Relationships: 224
  Workflows:     0
  API Endpoints: 0
  Data Stores:   0
  Request Flows: 3
  Error Paths:   0
  Architecture:  Modular Monolith
  Languages:     ['python']
  Frameworks:    []

[PIPELINE] Step 2: Generating HLD…

[DEBUG] Discovered Services: 5
  - Architecture Analysis Service
  - Architecture Intelligence Service
  - Ast Service
  - Core Processing Service
  - Comment Service
[DEBUG] Discovered Workflows: 1
  - Primary Processing Pipeline
[DEBUG] Discovered Data Flows: 0
[SUMMARIZER] HLD: 4 / 5 services, 1 / 1 workflows

[PIPELINE] Step 2b: Architecture Intelligence Engine…
[AIE] Stage 1/7: Domain Classification...
  → Domain: Architecture Documentation Platform (confidence: 1.00)
[AIE] Stage 2/7: Capability Modeling...
  → 4 core, 3 supporting, 0 generic capabilities
[AIE] Stage 3/7: Service Architecture...
  → 7 services, style: Modular Monolith
[AIE] Stage 4/7: Information Modeling...
  → 6 assets, 1 flows
[AIE] Stage 5/7: Deployment Analysis...
  → Hosting: Local, 7 units
[AIE] Stage 6/7: Integration Analysis...
  → 0 integration points
[AIE] Stage 7/7: Narrative Generation...
[AIE] Complete (0.0s)
<unknown>:186: SyntaxWarning: invalid escape sequence '\.'
WARNING:root:Validation Failed: Architecture unsupported by evidence. Suppressing Arch details.
  → AIM saved: /Users/atharvsinha/Downloads/ai-doc-system/outputs/hld/architecture_intelligence_model.json
[PIPELINE] Step 3: Generating LLD…

[DEBUG] Discovered Classes: 210
  - AIMBuilder
  - APOCLoader
  - ASTEngine
  - ASTInlineCommentor
  - ASTNode
  - ArchitecturalService
  - ArchitectureAPI
  - ArchitectureArtifact
  - ArchitectureBlueprint
  - ArchitectureCapability
  - ArchitectureComponent
  - ArchitectureContext
  - ArchitectureDataFlow
  - ArchitectureDatabase
  - ArchitectureDeploymentNode
  - ArchitectureExtractor
  - ArchitectureIntegration
  - ArchitectureIntelligenceModel
  - ArchitectureMapper
  - ArchitecturePatternRecognizer
  - ArchitectureService
  - ArchitectureWorkflow
  - BaseLLMClient
  - BatchResult
  - BatchRunner
  - BlockType
  - BusinessCapability
  - BusinessContext
  - BusinessExtractor
  - BusinessFlow
  - BusinessMapper
  - CapabilityModel
  - CapabilityModeler
  - ColumnDef
  - CombinedProject
  - CommentGenerator
  - ComponentBuilder
  - ContentBlock
  - ContextBuilder
  - ContextCompressor
  - ContextEdge
  - ContextNode
  - ContextQuery
  - ContextResult
  - CrossFileLinker
  - CrossLanguageLinker
  - CypherGenerator
  - DataFlow
  - DataModel
  - DatabaseNode
  - DatabaseSchemaExtractor
  - DeltaOperation
  - Dependency
  - DependencyExtractor
  - DependencyGraph
  - DeploymentAnalyzer
  - DeploymentModel
  - DeploymentUnit
  - DiagramStoryBuilder
  - DocumentationSummarizer
  - DocxBuilder
  - DomainClassifier
  - DomainModel
  - EndpointNode
  - EntrypointDetector
  - EntrypointInfo
  - ExportResult
  - FileRecord
  - FlowSummary
  - FrameworkDetector
  - FrameworkInfo
  - FrontendDetector
  - GraphBuilder
  - GraphEdge
  - GraphIndexer
  - GraphNode
  - GraphOptimizer
  - GraphPartition
  - GraphPartitioner
  - GraphProfile
  - GraphRAGPrep
  - GraphReport
  - GraphStatistics
  - GraphTraverser
  - GraphXMLLoader
  - HLDDocxGenerator
  - HLDGenerator
  - HLDMermaidGenerator
  - HTTPEndpointExtractor
  - IRApiEndpoint
  - IRBuilder
  - IRComponent
  - IRDataStore
  - IRErrorPath
  - IRRelationship
  - IRRequestFlow
  - IRWorkflow
  - ImportAnalyzer
  - IncrementalUpdater
  - IndexAnalysis
  - IndexRecommendation
  - InformationAsset
  - InformationModel
  - InformationModeler
  - InlineSegment
  - IntegrationAnalyzer
  - IntegrationModel
  - IntegrationPoint
  - JavaScriptNormalizer
  - JobResult
  - JobStatus
  - KGNode
  - KGNodeType
  - KGRelationType
  - KGSchema
  - KGToIRTranslator
  - KnowledgeGraph
  - KnowledgeGraphBuilder
  - LLDAPISpec
  - LLDAlgorithm
  - LLDClass
  - LLDComponent
  - LLDConfigDesign
  - LLDDatabaseObject
  - LLDDeploymentUnit
  - LLDDesignPattern
  - LLDDocxGenerator
  - LLDErrorPath
  - LLDExternalIntegration
  - LLDGenerator
  - LLDInterface
  - LLDMethod
  - LLDModel
  - LLDModule
  - LLDSecurityDesign
  - LLDSequenceFlow
  - LLDSequenceGenerator
  - LLMOrchestrator
  - LanguageSpec
  - LineageBuilder
  - LineageChain
  - LineageContext
  - LineageExtractor
  - LoadedProject
  - MermaidRenderer
  - MermaidToPng
  - MongoDBExtractor
  - NarrativeContext
  - NarrativeEngine
  - Neo4jClient
  - Neo4jExporter
  - NodeCategory
  - NodeType
  - NormalizedSymbol
  - ObjectModelExtractor
  - OllamaError
  - OllamaLLMClient
  - OptimizationResult
  - OrchestratorJob
  - ParsedFile
  - ParsedProject
  - ParserRegistry
  - PartitionManifest
  - PatternScore
  - PromptBuilder
  - PromptPayload
  - PromptResult
  - PromptType
  - PythonNormalizer
  - RawDependency
  - RawFile
  - RawNode
  - RawSQLTable
  - RawSymbol
  - RawSymbolIndex
  - RelationType
  - RelationshipBuilder
  - RepositoryProfile
  - RepositoryProfiler
  - RepositorySignals
  - RequestFlow
  - RequestLifecycleExtractor
  - SQLTable
  - SecurityBoundary
  - SemanticCommentGenerator
  - SemanticIR
  - SemanticRanker
  - ServiceArchitect
  - ServiceCluster
  - ServiceDependency
  - ServiceModel
  - SignalExtractor
  - SimpleCodeCombiner
  - SourceLoader
  - StreamingGraphPipeline
  - StructureAnalyzer
  - StubLLMClient
  - TechnologyDetector
  - TelecomContext
  - TelecomExtractor
  - TelecomOntologyMapper
  - TokenEstimator
  - UniversalASTNormalizer
  - UniversalASTWalker
  - UniversalNode
  - UserService
  - VerificationResult
  - WorkflowBuilder
  - WorkflowContext
  - WorkflowExtractor
[DEBUG] Discovered Interfaces: 0
[DEBUG] Discovered Sequence Flows: 0
[SUMMARIZER] LLD: 30 / 210 classes, 0 / 0 sequence flows

[WARNING] KG -> IR Data loss detected during translation:
  - APIs dropped (KG: 1 -> IR: 0)
[PIPELINE] Step 4: Generating Diagrams…
  → /Users/atharvsinha/Downloads/ai-doc-system/outputs/diagrams/hld_architecture_diagram.mmd
  → /Users/atharvsinha/Downloads/ai-doc-system/outputs/diagrams/hld_service_diagram.mmd
  → /Users/atharvsinha/Downloads/ai-doc-system/outputs/diagrams/hld_data_flow_diagram.mmd
  → /Users/atharvsinha/Downloads/ai-doc-system/outputs/diagrams/hld_deployment_diagram.mmd
  → /Users/atharvsinha/Downloads/ai-doc-system/outputs/diagrams/hld_executive_diagram.mmd
  → /Users/atharvsinha/Downloads/ai-doc-system/outputs/diagrams/lld_erd_diagram.mmd
  → /Users/atharvsinha/Downloads/ai-doc-system/outputs/diagrams/lld_dependency_diagram.mmd
  → /Users/atharvsinha/Downloads/ai-doc-system/outputs/diagrams/lld_component_architecture_diagram.mmd
  → /Users/atharvsinha/Downloads/ai-doc-system/outputs/diagrams/lld_full_system_diagram.mmd
  → /Users/atharvsinha/Downloads/ai-doc-system/outputs/diagrams/lld_deployment_unit_diagram.mmd
  → /Users/atharvsinha/Downloads/ai-doc-system/outputs/diagrams/lld_layered_architecture_diagram.mmd
  → /Users/atharvsinha/Downloads/ai-doc-system/outputs/diagrams/lld_pipeline_flow_diagram.mmd
  → /Users/atharvsinha/Downloads/ai-doc-system/outputs/diagrams/lld_transformation_flow_diagram.mmd
[PIPELINE] Generating Markdown Documentation…
[SUCCESS] HLD generated: /Users/atharvsinha/Downloads/ai-doc-system/outputs/hld/HLD.md
⚠️ Validation Failed: Architecture unsupported by evidence. Suppressing Arch details.
[RENDER] OK: /Users/atharvsinha/Downloads/ai-doc-system/outputs/diagrams/hld_architecture_diagram.svg
  → /Users/atharvsinha/Downloads/ai-doc-system/outputs/diagrams/hld_architecture_diagram.svg
[RENDER] OK: /Users/atharvsinha/Downloads/ai-doc-system/outputs/diagrams/hld_service_diagram.svg
  → /Users/atharvsinha/Downloads/ai-doc-system/outputs/diagrams/hld_service_diagram.svg
[RENDER] OK: /Users/atharvsinha/Downloads/ai-doc-system/outputs/diagrams/hld_data_flow_diagram.svg
  → /Users/atharvsinha/Downloads/ai-doc-system/outputs/diagrams/hld_data_flow_diagram.svg
[RENDER] OK: /Users/atharvsinha/Downloads/ai-doc-system/outputs/diagrams/hld_deployment_diagram.svg
  → /Users/atharvsinha/Downloads/ai-doc-system/outputs/diagrams/hld_deployment_diagram.svg
[RENDER] OK: /Users/atharvsinha/Downloads/ai-doc-system/outputs/diagrams/hld_executive_diagram.svg
  → /Users/atharvsinha/Downloads/ai-doc-system/outputs/diagrams/hld_executive_diagram.svg
[RENDER] OK: /Users/atharvsinha/Downloads/ai-doc-system/outputs/diagrams/lld_erd_diagram.svg
  → /Users/atharvsinha/Downloads/ai-doc-system/outputs/diagrams/lld_erd_diagram.svg
[RENDER] OK: /Users/atharvsinha/Downloads/ai-doc-system/outputs/diagrams/lld_dependency_diagram.svg
  → /Users/atharvsinha/Downloads/ai-doc-system/outputs/diagrams/lld_dependency_diagram.svg
[RENDER] OK: /Users/atharvsinha/Downloads/ai-doc-system/outputs/diagrams/lld_component_architecture_diagram.svg
  → /Users/atharvsinha/Downloads/ai-doc-system/outputs/diagrams/lld_component_architecture_diagram.svg
[RENDER] OK: /Users/atharvsinha/Downloads/ai-doc-system/outputs/diagrams/lld_full_system_diagram.svg
  → /Users/atharvsinha/Downloads/ai-doc-system/outputs/diagrams/lld_full_system_diagram.svg
[RENDER] OK: /Users/atharvsinha/Downloads/ai-doc-system/outputs/diagrams/lld_deployment_unit_diagram.svg
  → /Users/atharvsinha/Downloads/ai-doc-system/outputs/diagrams/lld_deployment_unit_diagram.svg
[RENDER] OK: /Users/atharvsinha/Downloads/ai-doc-system/outputs/diagrams/lld_layered_architecture_diagram.svg
  → /Users/atharvsinha/Downloads/ai-doc-system/outputs/diagrams/lld_layered_architecture_diagram.svg
[RENDER] OK: /Users/atharvsinha/Downloads/ai-doc-system/outputs/diagrams/lld_pipeline_flow_diagram.svg
  → /Users/atharvsinha/Downloads/ai-doc-system/outputs/diagrams/lld_pipeline_flow_diagram.svg
[RENDER] OK: /Users/atharvsinha/Downloads/ai-doc-system/outputs/diagrams/lld_transformation_flow_diagram.svg
  → /Users/atharvsinha/Downloads/ai-doc-system/outputs/diagrams/lld_transformation_flow_diagram.svg

[PIPELINE] Step 5b: Generating Inline Code Comments…
  → 222 source files found
  ⚠ Comment engine skipped: No module named 'tree_sitter'

[PIPELINE] Step 6: Generating DOCX…
  ⚠ DOCX generation failed: No module named 'docx'

=================================================================
  Pipeline Complete (11.8s)
  ────────────────────────────────────────
  Components:    19
  Relationships: 224
  Workflows:     0
  API Endpoints: 0
  Data Stores:   0
  Request Flows: 3
  Architecture:  Modular Monolith
  ────────────────────────────────────────
  HLD:      /Users/atharvsinha/Downloads/ai-doc-system/outputs/hld/HLD.md
  LLD:      /Users/atharvsinha/Downloads/ai-doc-system/outputs/lld/LLD.md
  Diagrams: /Users/atharvsinha/Downloads/ai-doc-system/outputs/diagrams
  Comments: /Users/atharvsinha/Downloads/ai-doc-system/outputs/commented_code
=================================================================

